==30421== Memcheck, a memory error detector
==30421== Copyright (C) 2002-2017, and GNU GPL'd, by Julian Seward et al.
==30421== Using Valgrind-3.18.1 and LibVEX; rerun with -h for copyright info
==30421== Command: ./kvs jobs 3 2 mega_pipe
==30421== Parent PID: 137
==30421== 
==30421== 
==30421== Process terminating with default action of signal 11 (SIGSEGV)
==30421==  General Protection Fault
==30421==    at 0x5917F42: __pthread_once_slow (pthread_once.c:114)
==30421==    by 0x59E6A52: __rpc_thread_variables (rpc_thread.c:59)
==30421==    by 0x5A39D8C: free_mem (in /usr/lib/x86_64-linux-gnu/libc.so.6)
==30421==    by 0x5A398C1: __libc_freeres (in /usr/lib/x86_64-linux-gnu/libc.so.6)
==30421==    by 0x483F1B2: _vgnU_freeres (in /usr/libexec/valgrind/vgpreload_core-amd64-linux.so)
==30421==    by 0x4A483DF: ???
==30421==    by 0x493E2D6: __sanitizer::Die() (sanitizer_termination.cpp:59)
==30421==    by 0x49143B8: __asan::AsanCheckDynamicRTPrereqs() (asan_linux.cpp:181)
==30421==    by 0x4920564: __asan::AsanInitInternal() [clone .part.0] (asan_rtl.cpp:420)
==30421==    by 0x40065BD: _dl_init (dl-init.c:102)
==30421==    by 0x40202E9: ??? (in /usr/lib/x86_64-linux-gnu/ld-linux-x86-64.so.2)
==30421==    by 0x4: ???
==30421== 
==30421== HEAP SUMMARY:
==30421==     in use at exit: 0 bytes in 0 blocks
==30421==   total heap usage: 0 allocs, 0 frees, 0 bytes allocated
==30421== 
==30421== All heap blocks were freed -- no leaks are possible
==30421== 
==30421== For lists of detected and suppressed errors, rerun with: -s
==30421== ERROR SUMMARY: 0 errors from 0 contexts (suppressed: 0 from 0)
